Base path: 'D:/Softwares/Unity/unityengine/2019.3.15f1/Editor/Data', plugins path 'D:/Softwares/Unity/unityengine/2019.3.15f1/Editor/Data/PlaybackEngines'
Cmd: initializeCompiler
Cmd: compileSnippet
  api=4 type=0 insize=16577 outsize=5382 kw=_SUNDISK_NONE pd=UNITY_ENABLE_REFLECTION_BUFFERS UNITY_USE_DITHER_MASK_FOR_ALPHABLENDED_SHADOWS UNITY_PBS_USE_BRDF1 UNITY_SPECCUBE_BOX_PROJECTION UNITY_SPECCUBE_BLENDING UNITY_ENABLE_DETAIL_NORMALMAP SHADER_API_DESKTOP UNITY_COLORSPACE_GAMMA UNITY_LIGHT_PROBE_PROXY_VOLUME UNITY_LIGHTMAP_FULL_HDR ok=1
Cmd: compileSnippet
  api=4 type=1 insize=16577 outsize=442 kw=_SUNDISK_NONE pd=UNITY_ENABLE_REFLECTION_BUFFERS UNITY_USE_DITHER_MASK_FOR_ALPHABLENDED_SHADOWS UNITY_PBS_USE_BRDF1 UNITY_SPECCUBE_BOX_PROJECTION UNITY_SPECCUBE_BLENDING UNITY_ENABLE_DETAIL_NORMALMAP SHADER_API_DESKTOP UNITY_COLORSPACE_GAMMA UNITY_LIGHT_PROBE_PROXY_VOLUME UNITY_LIGHTMAP_FULL_HDR ok=1
Cmd: compileSnippet
  api=4 type=0 insize=16577 outsize=5666 kw=_SUNDISK_SIMPLE pd=UNITY_ENABLE_REFLECTION_BUFFERS UNITY_USE_DITHER_MASK_FOR_ALPHABLENDED_SHADOWS UNITY_PBS_USE_BRDF1 UNITY_SPECCUBE_BOX_PROJECTION UNITY_SPECCUBE_BLENDING UNITY_ENABLE_DETAIL_NORMALMAP SHADER_API_DESKTOP UNITY_COLORSPACE_GAMMA UNITY_LIGHT_PROBE_PROXY_VOLUME UNITY_LIGHTMAP_FULL_HDR ok=1
Cmd: compileSnippet
  api=4 type=1 insize=16577 outsize=902 kw=_SUNDISK_SIMPLE pd=UNITY_ENABLE_REFLECTION_BUFFERS UNITY_USE_DITHER_MASK_FOR_ALPHABLENDED_SHADOWS UNITY_PBS_USE_BRDF1 UNITY_SPECCUBE_BOX_PROJECTION UNITY_SPECCUBE_BLENDING UNITY_ENABLE_DETAIL_NORMALMAP SHADER_API_DESKTOP UNITY_COLORSPACE_GAMMA UNITY_LIGHT_PROBE_PROXY_VOLUME UNITY_LIGHTMAP_FULL_HDR ok=1
Cmd: initializeCompiler
Cmd: preprocessCompute
  insize=12037 outsize=12081 ok=1
Cmd: compileComputeKernel
  api=4 insize=12081 outsize=1558 ok=1
Cmd: compileComputeKernel
  api=4 insize=12081 outsize=1027 ok=1
Cmd: compileComputeKernel
  api=4 insize=12081 outsize=1099 ok=1
Cmd: compileComputeKernel
  api=4 insize=12081 outsize=1126 ok=1
Cmd: compileComputeKernel
  api=4 insize=12081 outsize=1198 ok=1
Cmd: compileComputeKernel
  api=4 insize=12081 outsize=1863 ok=1
Cmd: compileComputeKernel
  api=4 insize=12081 outsize=1840 ok=1
Cmd: compileComputeKernel
  api=4 insize=12081 outsize=1931 ok=1
Cmd: compileComputeKernel
  api=4 insize=12081 outsize=1579 ok=1
Cmd: compileComputeKernel
  api=4 insize=12081 outsize=2218 ok=1
Cmd: compileComputeKernel
  api=4 insize=12081 outsize=1364 ok=1
Cmd: preprocessCompute
  insize=12060 outsize=12124 ok=1
Cmd: compileComputeKernel
  api=4 insize=12124 outsize=1819 ok=1
Cmd: compileComputeKernel
  api=4 insize=12124 outsize=1819 ok=1
Cmd: compileComputeKernel
  api=4 insize=12124 outsize=2259 ok=1
Cmd: compileComputeKernel
  api=4 insize=12124 outsize=1851 ok=1
Cmd: compileComputeKernel
  api=4 insize=12124 outsize=1853 ok=1
Cmd: compileComputeKernel
  api=4 insize=12124 outsize=1997 ok=1
Cmd: preprocessCompute
  insize=19739 outsize=19771 ok=1
Cmd: compileComputeKernel
  api=4 insize=19771 outsize=2133 ok=1
Cmd: compileComputeKernel
  api=4 insize=19771 outsize=3171 ok=1
Cmd: compileComputeKernel
  api=4 insize=19771 outsize=3056 ok=1
Cmd: compileComputeKernel
  api=4 insize=19771 outsize=5385 ok=1
Cmd: preprocessCompute
  insize=66545 outsize=66851 ok=1
Cmd: preprocessCompute
  insize=73577 outsize=73605 ok=1
Cmd: compileComputeKernel
  api=4 insize=73605 outsize=12637 ok=1
Cmd: compileComputeKernel
  api=4 insize=73605 outsize=7893 ok=1
Cmd: preprocessCompute
  insize=33761 outsize=33997 ok=1
Cmd: compileComputeKernel
  api=4 insize=33997 outsize=629 ok=1
Cmd: compileComputeKernel
  api=4 insize=33997 outsize=629 ok=1
Cmd: compileComputeKernel
  api=4 insize=33997 outsize=675 ok=1
Cmd: compileComputeKernel
  api=4 insize=33997 outsize=777 ok=1
Cmd: compileComputeKernel
  api=4 insize=33997 outsize=1157 ok=1
Cmd: compileComputeKernel
  api=4 insize=33997 outsize=854 ok=1
Cmd: compileComputeKernel
  api=4 insize=33997 outsize=796 ok=1
Cmd: compileComputeKernel
  api=4 insize=33997 outsize=622 ok=1
Cmd: compileComputeKernel
  api=4 insize=33997 outsize=811 ok=1
Cmd: compileComputeKernel
  api=4 insize=33997 outsize=1292 ok=1
Cmd: compileComputeKernel
  api=4 insize=33997 outsize=1861 ok=1
Cmd: compileComputeKernel
  api=4 insize=33997 outsize=1524 ok=1
Cmd: compileComputeKernel
  api=4 insize=33997 outsize=1520 ok=1
Cmd: compileComputeKernel
  api=4 insize=33997 outsize=1369 ok=1
Cmd: compileComputeKernel
  api=4 insize=33997 outsize=1363 ok=1
Cmd: compileComputeKernel
  api=4 insize=33997 outsize=1465 ok=1
Cmd: compileComputeKernel
  api=4 insize=33997 outsize=1359 ok=1
Cmd: compileComputeKernel
  api=4 insize=33997 outsize=1311 ok=1
Cmd: compileComputeKernel
  api=4 insize=33997 outsize=1311 ok=1
Cmd: compileComputeKernel
  api=4 insize=33997 outsize=1248 ok=1
Cmd: compileComputeKernel
  api=4 insize=33997 outsize=1221 ok=1
Cmd: compileComputeKernel
  api=4 insize=33997 outsize=1306 ok=1
Cmd: compileComputeKernel
  api=4 insize=33997 outsize=1618 ok=1
Cmd: compileComputeKernel
  api=4 insize=33997 outsize=1364 ok=1
Cmd: preprocessCompute
  insize=74935 outsize=74993 ok=1
Cmd: compileComputeKernel
  api=4 insize=74993 outsize=6812 ok=1
Cmd: compileComputeKernel
  api=4 insize=74993 outsize=26077 ok=1
Cmd: compileComputeKernel
  api=4 insize=74993 outsize=32238 ok=1
Cmd: compileComputeKernel
  api=4 insize=74993 outsize=27610 ok=1
Cmd: preprocessCompute
  insize=4418 outsize=4434 ok=1
Cmd: compileComputeKernel
  api=4 insize=4434 outsize=1590 ok=1
Cmd: compileComputeKernel
  api=4 insize=4434 outsize=1684 ok=1
Cmd: preprocessCompute
  insize=1894 outsize=1898 ok=1
Cmd: compileComputeKernel
  api=4 insize=1898 outsize=3122 ok=1
